# JRE version: OpenJDK Runtime Environment Temurin-21.0.10+7 (21.0.10+7) (build 21.0.10+7-LTS)
# Java VM: OpenJDK 64-Bit Server VM Temurin-21.0.10+7 (21.0.10+7-LTS, mixed mode, sharing, tiered, compressed oops, compressed class ptrs, g1 gc, windows-amd64)
GC Precious Log:
 CardTable entry size: 512
 Card Set container configuration: InlinePtr #cards 4 size 8 Array Of Cards #cards 16 size 48 Howl #buckets 8 coarsen threshold 3686 Howl Bitmap #cards 512 size 80 coarsen threshold 460 Card regions per heap region 1 cards per card region 4096
 CPUs: 20 total, 20 available
 Memory: 16075M
 Large Page Support: Disabled
 NUMA Support: Disabled
 Compressed Oops: Enabled (Zero based)
 Heap Region Size: 2M
 Heap Min Capacity: 8M
 Heap Initial Capacity: 252M
 Heap Max Capacity: 4020M
 Pre-touch: Disabled
 Parallel Workers: 15
 Concurrent Workers: 4
 Concurrent Refinement Workers: 15
 Periodic GC: Disabled
Heap:
 garbage-first heap   total 245760K, used 97958K [0x0000000704c00000, 0x0000000800000000)
  region size 2048K, 22 young (45056K), 5 survivors (10240K)
 Metaspace       used 34468K, committed 35072K, reserved 1114112K
  class space    used 3780K, committed 4032K, reserved 1048576K
GC Heap History (20 events):
Event: 8.225 GC heap before
{Heap before GC invocations=6 (full 0):
 garbage-first heap   total 118784K, used 90186K [0x0000000704c00000, 0x0000000800000000)
  region size 2048K, 34 young (69632K), 10 survivors (20480K)
 Metaspace       used 29012K, committed 29376K, reserved 1114112K
  class space    used 3215K, committed 3328K, reserved 1048576K
}
Event: 8.238 GC heap after
{Heap after GC invocations=7 (full 0):
 garbage-first heap   total 120832K, used 47550K [0x0000000704c00000, 0x0000000800000000)
  region size 2048K, 3 young (6144K), 3 survivors (6144K)
 Metaspace       used 29012K, committed 29376K, reserved 1114112K
  class space    used 3215K, committed 3328K, reserved 1048576K
}
Event: 9.073 GC heap before
{Heap before GC invocations=7 (full 0):
 garbage-first heap   total 120832K, used 96702K [0x0000000704c00000, 0x0000000800000000)
  region size 2048K, 27 young (55296K), 3 survivors (6144K)
 Metaspace       used 30725K, committed 31104K, reserved 1114112K
  class space    used 3434K, committed 3584K, reserved 1048576K
}
Event: 9.081 GC heap after
{Heap after GC invocations=8 (full 0):
 garbage-first heap   total 120832K, used 50176K [0x0000000704c00000, 0x0000000800000000)
  region size 2048K, 1 young (2048K), 1 survivors (2048K)
 Metaspace       used 30725K, committed 31104K, reserved 1114112K
  class space    used 3434K, committed 3584K, reserved 1048576K
}
Event: 9.341 GC heap before
{Heap before GC invocations=8 (full 0):
 garbage-first heap   total 120832K, used 101376K [0x0000000704c00000, 0x0000000800000000)
  region size 2048K, 26 young (53248K), 1 survivors (2048K)
 Metaspace       used 31092K, committed 31680K, reserved 1114112K
  class space    used 3455K, committed 3712K, reserved 1048576K
}
Event: 9.347 GC heap after
{Heap after GC invocations=9 (full 0):
 garbage-first heap   total 120832K, used 52511K [0x0000000704c00000, 0x0000000800000000)
  region size 2048K, 3 young (6144K), 3 survivors (6144K)
 Metaspace       used 31092K, committed 31680K, reserved 1114112K
  class space    used 3455K, committed 3712K, reserved 1048576K
}
Event: 9.543 GC heap before
{Heap before GC invocations=9 (full 0):
 garbage-first heap   total 120832K, used 101663K [0x0000000704c00000, 0x0000000800000000)
  region size 2048K, 27 young (55296K), 3 survivors (6144K)
 Metaspace       used 31224K, committed 31744K, reserved 1114112K
  class space    used 3474K, committed 3712K, reserved 1048576K
}
Event: 9.551 GC heap after
{Heap after GC invocations=10 (full 0):
 garbage-first heap   total 120832K, used 54402K [0x0000000704c00000, 0x0000000800000000)
  region size 2048K, 3 young (6144K), 3 survivors (6144K)
 Metaspace       used 31224K, committed 31744K, reserved 1114112K
  class space    used 3474K, committed 3712K, reserved 1048576K
}
Event: 9.648 GC heap before
{Heap before GC invocations=10 (full 0):
 garbage-first heap   total 120832K, used 103554K [0x0000000704c00000, 0x0000000800000000)
  region size 2048K, 27 young (55296K), 3 survivors (6144K)
 Metaspace       used 31264K, committed 31808K, reserved 1114112K
  class space    used 3477K, committed 3712K, reserved 1048576K
}
Event: 9.656 GC heap after
{Heap after GC invocations=11 (full 0):
 garbage-first heap   total 120832K, used 56857K [0x0000000704c00000, 0x0000000800000000)
  region size 2048K, 3 young (6144K), 3 survivors (6144K)
 Metaspace       used 31264K, committed 31808K, reserved 1114112K
  class space    used 3477K, committed 3712K, reserved 1048576K
}
Event: 9.765 GC heap before
{Heap before GC invocations=11 (full 0):
 garbage-first heap   total 120832K, used 106009K [0x0000000704c00000, 0x0000000800000000)
  region size 2048K, 27 young (55296K), 3 survivors (6144K)
 Metaspace       used 31355K, committed 31936K, reserved 1114112K
  class space    used 3481K, committed 3776K, reserved 1048576K
}
Event: 9.774 GC heap after
{Heap after GC invocations=12 (full 0):
 garbage-first heap   total 169984K, used 59119K [0x0000000704c00000, 0x0000000800000000)
  region size 2048K, 3 young (6144K), 3 survivors (6144K)
 Metaspace       used 31355K, committed 31936K, reserved 1114112K
  class space    used 3481K, committed 3776K, reserved 1048576K
}
Event: 10.006 GC heap before
{Heap before GC invocations=12 (full 0):
 garbage-first heap   total 169984K, used 147183K [0x0000000704c00000, 0x0000000800000000)
  region size 2048K, 46 young (94208K), 3 survivors (6144K)
 Metaspace       used 31491K, committed 32000K, reserved 1114112K
  class space    used 3489K, committed 3776K, reserved 1048576K
}
Event: 10.013 GC heap after
{Heap after GC invocations=13 (full 0):
 garbage-first heap   total 169984K, used 62937K [0x0000000704c00000, 0x0000000800000000)
  region size 2048K, 5 young (10240K), 5 survivors (10240K)
 Metaspace       used 31491K, committed 32000K, reserved 1114112K
  class space    used 3489K, committed 3776K, reserved 1048576K
}
Event: 10.182 GC heap before
{Heap before GC invocations=13 (full 0):
 garbage-first heap   total 169984K, used 148953K [0x0000000704c00000, 0x0000000800000000)
  region size 2048K, 47 young (96256K), 5 survivors (10240K)
 Metaspace       used 31571K, committed 32128K, reserved 1114112K
  class space    used 3490K, committed 3776K, reserved 1048576K
}
Event: 10.188 GC heap after
{Heap after GC invocations=14 (full 0):
 garbage-first heap   total 169984K, used 62359K [0x0000000704c00000, 0x0000000800000000)
  region size 2048K, 3 young (6144K), 3 survivors (6144K)
 Metaspace       used 31571K, committed 32128K, reserved 1114112K
  class space    used 3490K, committed 3776K, reserved 1048576K
}
Event: 10.349 GC heap before
{Heap before GC invocations=14 (full 0):
 garbage-first heap   total 169984K, used 152471K [0x0000000704c00000, 0x0000000800000000)
  region size 2048K, 47 young (96256K), 3 survivors (6144K)
 Metaspace       used 31602K, committed 32128K, reserved 1114112K
  class space    used 3490K, committed 3776K, reserved 1048576K
}
Event: 10.354 GC heap after
{Heap after GC invocations=15 (full 0):
 garbage-first heap   total 169984K, used 61633K [0x0000000704c00000, 0x0000000800000000)
  region size 2048K, 3 young (6144K), 3 survivors (6144K)
 Metaspace       used 31602K, committed 32128K, reserved 1114112K
  class space    used 3490K, committed 3776K, reserved 1048576K
}
Event: 11.367 GC heap before
{Heap before GC invocations=15 (full 0):
 garbage-first heap   total 169984K, used 153793K [0x0000000704c00000, 0x0000000800000000)
  region size 2048K, 48 young (98304K), 3 survivors (6144K)
 Metaspace       used 34055K, committed 34688K, reserved 1114112K
  class space    used 3744K, committed 4032K, reserved 1048576K
}
Event: 11.377 GC heap after
{Heap after GC invocations=16 (full 0):
 garbage-first heap   total 245760K, used 65190K [0x0000000704c00000, 0x0000000800000000)
  region size 2048K, 5 young (10240K), 5 survivors (10240K)
 Metaspace       used 34055K, committed 34688K, reserved 1114112K
  class space    used 3744K, committed 4032K, reserved 1048576K
}

