# JRE version: OpenJDK Runtime Environment Temurin-21.0.10+7 (21.0.10+7) (build 21.0.10+7-LTS)
# Java VM: OpenJDK 64-Bit Server VM Temurin-21.0.10+7 (21.0.10+7-LTS, mixed mode, sharing, tiered, compressed oops, compressed class ptrs, g1 gc, windows-amd64)
GC Precious Log:
 CardTable entry size: 512
 Card Set container configuration: InlinePtr #cards 4 size 8 Array Of Cards #cards 16 size 48 Howl #buckets 8 coarsen threshold 3686 Howl Bitmap #cards 512 size 80 coarsen threshold 460 Card regions per heap region 1 cards per card region 4096
 CPUs: 20 total, 20 available
 Memory: 16075M
 Large Page Support: Disabled
 NUMA Support: Disabled
 Compressed Oops: Enabled (Zero based)
 Heap Region Size: 2M
 Heap Min Capacity: 8M
 Heap Initial Capacity: 252M
 Heap Max Capacity: 4020M
 Pre-touch: Disabled
 Parallel Workers: 15
 Concurrent Workers: 4
 Concurrent Refinement Workers: 15
 Periodic GC: Disabled
Heap:
 garbage-first heap   total 122880K, used 94766K [0x0000000704c00000, 0x0000000800000000)
  region size 2048K, 27 young (55296K), 4 survivors (8192K)
 Metaspace       used 30346K, committed 30720K, reserved 1114112K
  class space    used 3362K, committed 3520K, reserved 1048576K
GC Heap History (12 events):
Event: 0.638 GC heap before
{Heap before GC invocations=0 (full 0):
 garbage-first heap   total 258048K, used 22528K [0x0000000704c00000, 0x0000000800000000)
  region size 2048K, 11 young (22528K), 0 survivors (0K)
 Metaspace       used 5571K, committed 5760K, reserved 1114112K
  class space    used 643K, committed 768K, reserved 1048576K
}
Event: 0.644 GC heap after
{Heap after GC invocations=1 (full 0):
 garbage-first heap   total 258048K, used 3920K [0x0000000704c00000, 0x0000000800000000)
  region size 2048K, 2 young (4096K), 2 survivors (4096K)
 Metaspace       used 5571K, committed 5760K, reserved 1114112K
  class space    used 643K, committed 768K, reserved 1048576K
}
Event: 1.220 GC heap before
{Heap before GC invocations=1 (full 0):
 garbage-first heap   total 258048K, used 34640K [0x0000000704c00000, 0x0000000800000000)
  region size 2048K, 17 young (34816K), 2 survivors (4096K)
 Metaspace       used 8922K, committed 9088K, reserved 1114112K
  class space    used 1055K, committed 1152K, reserved 1048576K
}
Event: 1.224 GC heap after
{Heap after GC invocations=2 (full 0):
 garbage-first heap   total 258048K, used 5221K [0x0000000704c00000, 0x0000000800000000)
  region size 2048K, 1 young (2048K), 1 survivors (2048K)
 Metaspace       used 8922K, committed 9088K, reserved 1114112K
  class space    used 1055K, committed 1152K, reserved 1048576K
}
Event: 5.662 GC heap before
{Heap before GC invocations=2 (full 0):
 garbage-first heap   total 258048K, used 255077K [0x0000000704c00000, 0x0000000800000000)
  region size 2048K, 75 young (153600K), 1 survivors (2048K)
 Metaspace       used 18264K, committed 18560K, reserved 1114112K
  class space    used 2056K, committed 2176K, reserved 1048576K
}
Event: 5.684 GC heap after
{Heap after GC invocations=3 (full 0):
 garbage-first heap   total 270336K, used 17752K [0x0000000704c00000, 0x0000000800000000)
  region size 2048K, 7 young (14336K), 7 survivors (14336K)
 Metaspace       used 18264K, committed 18560K, reserved 1114112K
  class space    used 2056K, committed 2176K, reserved 1048576K
}
Event: 8.538 GC heap before
{Heap before GC invocations=3 (full 0):
 garbage-first heap   total 270336K, used 46424K [0x0000000704c00000, 0x0000000800000000)
  region size 2048K, 21 young (43008K), 7 survivors (14336K)
 Metaspace       used 21198K, committed 21504K, reserved 1114112K
  class space    used 2387K, committed 2560K, reserved 1048576K
}
Event: 8.551 GC heap after
{Heap after GC invocations=4 (full 0):
 garbage-first heap   total 270336K, used 27163K [0x0000000704c00000, 0x0000000800000000)
  region size 2048K, 3 young (6144K), 3 survivors (6144K)
 Metaspace       used 21198K, committed 21504K, reserved 1114112K
  class space    used 2387K, committed 2560K, reserved 1048576K
}
Event: 12.917 GC heap before
{Heap before GC invocations=5 (full 0):
 garbage-first heap   total 96256K, used 94747K [0x0000000704c00000, 0x0000000800000000)
  region size 2048K, 36 young (73728K), 3 survivors (6144K)
 Metaspace       used 27316K, committed 27584K, reserved 1114112K
  class space    used 3089K, committed 3200K, reserved 1048576K
}
Event: 12.947 GC heap after
{Heap after GC invocations=6 (full 0):
 garbage-first heap   total 118784K, used 41474K [0x0000000704c00000, 0x0000000800000000)
  region size 2048K, 10 young (20480K), 10 survivors (20480K)
 Metaspace       used 27316K, committed 27584K, reserved 1114112K
  class space    used 3089K, committed 3200K, reserved 1048576K
}
Event: 15.709 GC heap before
{Heap before GC invocations=6 (full 0):
 garbage-first heap   total 118784K, used 90626K [0x0000000704c00000, 0x0000000800000000)
  region size 2048K, 34 young (69632K), 10 survivors (20480K)
 Metaspace       used 28896K, committed 29248K, reserved 1114112K
  class space    used 3183K, committed 3328K, reserved 1048576K
}
Event: 15.731 GC heap after
{Heap after GC invocations=7 (full 0):
 garbage-first heap   total 122880K, used 49710K [0x0000000704c00000, 0x0000000800000000)
  region size 2048K, 4 young (8192K), 4 survivors (8192K)
 Metaspace       used 28896K, committed 29248K, reserved 1114112K
  class space    used 3183K, committed 3328K, reserved 1048576K
}

