# JRE version: OpenJDK Runtime Environment Temurin-21.0.10+7 (21.0.10+7) (build 21.0.10+7-LTS)
# Java VM: OpenJDK 64-Bit Server VM Temurin-21.0.10+7 (21.0.10+7-LTS, mixed mode, sharing, tiered, compressed oops, compressed class ptrs, g1 gc, windows-amd64)
GC Precious Log:
 CardTable entry size: 512
 Card Set container configuration: InlinePtr #cards 5 size 8 Array Of Cards #cards 12 size 40 Howl #buckets 4 coarsen threshold 1843 Howl Bitmap #cards 512 size 80 coarsen threshold 460 Card regions per heap region 1 cards per card region 2048
 CPUs: 20 total, 20 available
 Memory: 16075M
 Large Page Support: Disabled
 NUMA Support: Disabled
 Compressed Oops: Enabled (32-bit)
 Heap Region Size: 1M
 Heap Min Capacity: 128M
 Heap Initial Capacity: 128M
 Heap Max Capacity: 512M
 Pre-touch: Disabled
 Parallel Workers: 15
 Concurrent Workers: 4
 Concurrent Refinement Workers: 15
 Periodic GC: Disabled
Heap:
 garbage-first heap   total 143360K, used 62952K [0x00000000e0000000, 0x0000000100000000)
  region size 1024K, 1 young (1024K), 1 survivors (1024K)
 Metaspace       used 31438K, committed 31872K, reserved 278528K
  class space    used 3478K, committed 3712K, reserved 212992K
GC Heap History (20 events):
Event: 4.563 GC heap after
{Heap after GC invocations=5 (full 0):
 garbage-first heap   total 143360K, used 24700K [0x00000000e0000000, 0x0000000100000000)
  region size 1024K, 4 young (4096K), 4 survivors (4096K)
 Metaspace       used 17741K, committed 18112K, reserved 278528K
  class space    used 2022K, committed 2176K, reserved 212992K
}
Event: 7.531 GC heap before
{Heap before GC invocations=5 (full 0):
 garbage-first heap   total 143360K, used 89212K [0x00000000e0000000, 0x0000000100000000)
  region size 1024K, 39 young (39936K), 4 survivors (4096K)
 Metaspace       used 21196K, committed 21504K, reserved 278528K
  class space    used 2393K, committed 2560K, reserved 212992K
}
Event: 7.537 GC heap after
{Heap after GC invocations=6 (full 0):
 garbage-first heap   total 143360K, used 25863K [0x00000000e0000000, 0x0000000100000000)
  region size 1024K, 9 young (9216K), 9 survivors (9216K)
 Metaspace       used 21196K, committed 21504K, reserved 278528K
  class space    used 2393K, committed 2560K, reserved 212992K
}
Event: 9.419 GC heap before
{Heap before GC invocations=7 (full 0):
 garbage-first heap   total 131072K, used 103687K [0x00000000e0000000, 0x0000000100000000)
  region size 1024K, 84 young (86016K), 9 survivors (9216K)
 Metaspace       used 27497K, committed 27840K, reserved 278528K
  class space    used 3096K, committed 3264K, reserved 212992K
}
Event: 9.435 GC heap after
{Heap after GC invocations=8 (full 0):
 garbage-first heap   total 131072K, used 42247K [0x00000000e0000000, 0x0000000100000000)
  region size 1024K, 11 young (11264K), 11 survivors (11264K)
 Metaspace       used 27497K, committed 27840K, reserved 278528K
  class space    used 3096K, committed 3264K, reserved 212992K
}
Event: 10.830 GC heap before
{Heap before GC invocations=8 (full 0):
 garbage-first heap   total 131072K, used 103687K [0x00000000e0000000, 0x0000000100000000)
  region size 1024K, 72 young (73728K), 11 survivors (11264K)
 Metaspace       used 30024K, committed 30336K, reserved 278528K
  class space    used 3339K, committed 3456K, reserved 212992K
}
Event: 10.842 GC heap after
{Heap after GC invocations=9 (full 0):
 garbage-first heap   total 131072K, used 48128K [0x00000000e0000000, 0x0000000100000000)
  region size 1024K, 6 young (6144K), 6 survivors (6144K)
 Metaspace       used 30024K, committed 30336K, reserved 278528K
  class space    used 3339K, committed 3456K, reserved 212992K
}
Event: 11.441 GC heap before
{Heap before GC invocations=9 (full 0):
 garbage-first heap   total 131072K, used 107520K [0x00000000e0000000, 0x0000000100000000)
  region size 1024K, 64 young (65536K), 6 survivors (6144K)
 Metaspace       used 30881K, committed 31360K, reserved 278528K
  class space    used 3440K, committed 3648K, reserved 212992K
}
Event: 11.449 GC heap after
{Heap after GC invocations=10 (full 0):
 garbage-first heap   total 131072K, used 51712K [0x00000000e0000000, 0x0000000100000000)
  region size 1024K, 3 young (3072K), 3 survivors (3072K)
 Metaspace       used 30881K, committed 31360K, reserved 278528K
  class space    used 3440K, committed 3648K, reserved 212992K
}
Event: 11.707 GC heap before
{Heap before GC invocations=10 (full 0):
 garbage-first heap   total 131072K, used 111104K [0x00000000e0000000, 0x0000000100000000)
  region size 1024K, 61 young (62464K), 3 survivors (3072K)
 Metaspace       used 31076K, committed 31552K, reserved 278528K
  class space    used 3462K, committed 3648K, reserved 212992K
}
Event: 11.712 GC heap after
{Heap after GC invocations=11 (full 0):
 garbage-first heap   total 131072K, used 53986K [0x00000000e0000000, 0x0000000100000000)
  region size 1024K, 6 young (6144K), 6 survivors (6144K)
 Metaspace       used 31076K, committed 31552K, reserved 278528K
  class space    used 3462K, committed 3648K, reserved 212992K
}
Event: 11.878 GC heap before
{Heap before GC invocations=11 (full 0):
 garbage-first heap   total 131072K, used 113378K [0x00000000e0000000, 0x0000000100000000)
  region size 1024K, 64 young (65536K), 6 survivors (6144K)
 Metaspace       used 31155K, committed 31616K, reserved 278528K
  class space    used 3468K, committed 3648K, reserved 212992K
}
Event: 11.885 GC heap after
{Heap after GC invocations=12 (full 0):
 garbage-first heap   total 131072K, used 56744K [0x00000000e0000000, 0x0000000100000000)
  region size 1024K, 6 young (6144K), 6 survivors (6144K)
 Metaspace       used 31155K, committed 31616K, reserved 278528K
  class space    used 3468K, committed 3648K, reserved 212992K
}
Event: 12.052 GC heap before
{Heap before GC invocations=12 (full 0):
 garbage-first heap   total 131072K, used 117160K [0x00000000e0000000, 0x0000000100000000)
  region size 1024K, 64 young (65536K), 6 survivors (6144K)
 Metaspace       used 31218K, committed 31680K, reserved 278528K
  class space    used 3470K, committed 3648K, reserved 212992K
}
Event: 12.062 GC heap after
{Heap after GC invocations=13 (full 0):
 garbage-first heap   total 131072K, used 60498K [0x00000000e0000000, 0x0000000100000000)
  region size 1024K, 6 young (6144K), 6 survivors (6144K)
 Metaspace       used 31218K, committed 31680K, reserved 278528K
  class space    used 3470K, committed 3648K, reserved 212992K
}
Event: 12.244 GC heap before
{Heap before GC invocations=13 (full 0):
 garbage-first heap   total 131072K, used 117842K [0x00000000e0000000, 0x0000000100000000)
  region size 1024K, 62 young (63488K), 6 survivors (6144K)
 Metaspace       used 31316K, committed 31808K, reserved 278528K
  class space    used 3478K, committed 3712K, reserved 212992K
}
Event: 12.251 GC heap after
{Heap after GC invocations=14 (full 0):
 garbage-first heap   total 131072K, used 61752K [0x00000000e0000000, 0x0000000100000000)
  region size 1024K, 5 young (5120K), 5 survivors (5120K)
 Metaspace       used 31316K, committed 31808K, reserved 278528K
  class space    used 3478K, committed 3712K, reserved 212992K
}
Event: 12.452 GC heap before
{Heap before GC invocations=14 (full 0):
 garbage-first heap   total 131072K, used 119096K [0x00000000e0000000, 0x0000000100000000)
  region size 1024K, 61 young (62464K), 5 survivors (5120K)
 Metaspace       used 31410K, committed 31872K, reserved 278528K
  class space    used 3478K, committed 3712K, reserved 212992K
}
Event: 12.458 GC heap after
{Heap after GC invocations=15 (full 0):
 garbage-first heap   total 131072K, used 60667K [0x00000000e0000000, 0x0000000100000000)
  region size 1024K, 4 young (4096K), 4 survivors (4096K)
 Metaspace       used 31410K, committed 31872K, reserved 278528K
  class space    used 3478K, committed 3712K, reserved 212992K
}
Event: 12.789 GC heap before
{Heap before GC invocations=15 (full 0):
 garbage-first heap   total 131072K, used 121083K [0x00000000e0000000, 0x0000000100000000)
  region size 1024K, 63 young (64512K), 4 survivors (4096K)
 Metaspace       used 31438K, committed 31872K, reserved 278528K
  class space    used 3478K, committed 3712K, reserved 212992K
}

